<?xml version="1.0" encoding="UTF-8"?>
<!-- Generated by org.testng.reporters.JUnitReportReporter -->
<testsuite hostname="MSI" failures="0" tests="2" name="homework.ch11_13.NullIteratorTest" time="0.001" errors="0" timestamp="19 4æœˆ 2021 01:35:05 GMT" skipped="0">
  <testcase classname="homework.ch11_13.NullIteratorTest" name="testHasNext" time="0.000"/>
  <testcase classname="homework.ch11_13.NullIteratorTest" name="testNext" time="0.001"/>
</testsuite> <!-- homework.ch11_13.NullIteratorTest -->
